<?xml version="1.0" encoding="UTF-8"?>
<testsuite name="com.example.TestSpringJPA.TestSpringJpaApplicationTests" tests="1" skipped="0" failures="0" errors="0" timestamp="2026-02-16T09:05:26.614Z" hostname="MALIHA" time="0.527">
  <properties/>
  <testcase name="contextLoads()" classname="com.example.TestSpringJPA.TestSpringJpaApplicationTests" time="0.527"/>
  <system-out><![CDATA[15:05:18.703 [Test worker] INFO org.springframework.test.context.support.AnnotationConfigContextLoaderUtils -- Could not detect default configuration classes for test class [com.example.TestSpringJPA.TestSpringJpaApplicationTests]: TestSpringJpaApplicationTests does not declare any static, non-private, non-final, nested classes annotated with @Configuration.
15:05:18.982 [Test worker] INFO org.springframework.boot.test.context.SpringBootTestContextBootstrapper -- Found @SpringBootConfiguration com.example.TestSpringJPA.TestSpringJpaApplication for test class com.example.TestSpringJPA.TestSpringJpaApplicationTests

  .   ____          _            __ _ _
 /\\ / ___'_ __ _ _(_)_ __  __ _ \ \ \ \
( ( )\___ | '_ | '_| | '_ \/ _` | \ \ \ \
 \\/  ___)| |_)| | | | | || (_| |  ) ) ) )
  '  |____| .__|_| |_|_| |_\__, | / / / /
 =========|_|==============|___/=/_/_/_/

 :: Spring Boot ::                (v3.5.3)

2026-02-16T15:05:19.788+06:00  INFO 18112 --- [    Test worker] c.e.T.TestSpringJpaApplicationTests      : Starting TestSpringJpaApplicationTests using Java 17.0.17 with PID 18112 (started by muslima in C:\Users\muslima\TestSpringJPA)
2026-02-16T15:05:19.790+06:00  INFO 18112 --- [    Test worker] c.e.T.TestSpringJpaApplicationTests      : No active profile set, falling back to 1 default profile: "default"
2026-02-16T15:05:20.983+06:00  INFO 18112 --- [    Test worker] .s.d.r.c.RepositoryConfigurationDelegate : Bootstrapping Spring Data JPA repositories in DEFAULT mode.
2026-02-16T15:05:21.100+06:00  INFO 18112 --- [    Test worker] .s.d.r.c.RepositoryConfigurationDelegate : Finished Spring Data repository scanning in 91 ms. Found 1 JPA repository interface.
2026-02-16T15:05:21.974+06:00  INFO 18112 --- [    Test worker] o.hibernate.jpa.internal.util.LogHelper  : HHH000204: Processing PersistenceUnitInfo [name: default]
2026-02-16T15:05:22.149+06:00  INFO 18112 --- [    Test worker] org.hibernate.Version                    : HHH000412: Hibernate ORM core version 6.6.18.Final
2026-02-16T15:05:22.228+06:00  INFO 18112 --- [    Test worker] o.h.c.internal.RegionFactoryInitiator    : HHH000026: Second-level cache disabled
2026-02-16T15:05:22.849+06:00  INFO 18112 --- [    Test worker] o.s.o.j.p.SpringPersistenceUnitInfo      : No LoadTimeWeaver setup: ignoring JPA class transformer
2026-02-16T15:05:22.907+06:00  INFO 18112 --- [    Test worker] com.zaxxer.hikari.HikariDataSource       : HikariPool-1 - Starting...
2026-02-16T15:05:23.477+06:00  INFO 18112 --- [    Test worker] com.zaxxer.hikari.pool.HikariPool        : HikariPool-1 - Added connection com.mysql.cj.jdbc.ConnectionImpl@6fa3def8
2026-02-16T15:05:23.481+06:00  INFO 18112 --- [    Test worker] com.zaxxer.hikari.HikariDataSource       : HikariPool-1 - Start completed.
2026-02-16T15:05:23.559+06:00  WARN 18112 --- [    Test worker] org.hibernate.orm.deprecation            : HHH90000025: MySQL8Dialect does not need to be specified explicitly using 'hibernate.dialect' (remove the property setting and it will be selected by default)
2026-02-16T15:05:23.567+06:00  WARN 18112 --- [    Test worker] org.hibernate.orm.deprecation            : HHH90000026: MySQL8Dialect has been deprecated; use org.hibernate.dialect.MySQLDialect instead
2026-02-16T15:05:23.620+06:00  INFO 18112 --- [    Test worker] org.hibernate.orm.connections.pooling    : HHH10001005: Database info:
	Database JDBC URL [Connecting through datasource 'HikariDataSource (HikariPool-1)']
	Database driver: undefined/unknown
	Database version: 8.0
	Autocommit mode: undefined/unknown
	Isolation level: undefined/unknown
	Minimum pool size: undefined/unknown
	Maximum pool size: undefined/unknown
2026-02-16T15:05:24.945+06:00  INFO 18112 --- [    Test worker] o.h.e.t.j.p.i.JtaPlatformInitiator       : HHH000489: No JTA platform available (set 'hibernate.transaction.jta.platform' to enable JTA platform integration)
2026-02-16T15:05:25.021+06:00  INFO 18112 --- [    Test worker] j.LocalContainerEntityManagerFactoryBean : Initialized JPA EntityManagerFactory for persistence unit 'default'
2026-02-16T15:05:25.614+06:00  WARN 18112 --- [    Test worker] JpaBaseConfiguration$JpaWebConfiguration : spring.jpa.open-in-view is enabled by default. Therefore, database queries may be performed during view rendering. Explicitly configure spring.jpa.open-in-view to disable this warning
2026-02-16T15:05:26.564+06:00  INFO 18112 --- [    Test worker] c.e.T.TestSpringJpaApplicationTests      : Started TestSpringJpaApplicationTests in 7.277 seconds (process running for 9.452)
]]></system-out>
  <system-err><![CDATA[]]></system-err>
</testsuite>
